2024-03-16T17:30:49.713+05:30  INFO 18888 --- [newsapp] [restartedMain] c.capstone.newsapp.NewsappApplication    : Starting NewsappApplication using Java 17.0.10 with PID 18888 (G:\cog\2093028-Assginment-capstone-NewsApp\newsapp\target\classes started by nikhi in G:\cog\2093028-Assginment-capstone-NewsApp)
2024-03-16T17:30:49.718+05:30  INFO 18888 --- [newsapp] [restartedMain] c.capstone.newsapp.NewsappApplication    : No active profile set, falling back to 1 default profile: "default"
2024-03-16T17:30:49.801+05:30  INFO 18888 --- [newsapp] [restartedMain] .e.DevToolsPropertyDefaultsPostProcessor : Devtools property defaults active! Set 'spring.devtools.add-properties' to 'false' to disable
2024-03-16T17:30:49.802+05:30  INFO 18888 --- [newsapp] [restartedMain] .e.DevToolsPropertyDefaultsPostProcessor : For additional web related logging consider setting the 'logging.level.web' property to 'DEBUG'
2024-03-16T17:30:50.889+05:30  INFO 18888 --- [newsapp] [restartedMain] .s.d.r.c.RepositoryConfigurationDelegate : Bootstrapping Spring Data MongoDB repositories in DEFAULT mode.
2024-03-16T17:30:50.977+05:30  INFO 18888 --- [newsapp] [restartedMain] .s.d.r.c.RepositoryConfigurationDelegate : Finished Spring Data repository scanning in 81 ms. Found 2 MongoDB repository interfaces.
2024-03-16T17:30:52.061+05:30  INFO 18888 --- [newsapp] [restartedMain] o.s.b.w.embedded.tomcat.TomcatWebServer  : Tomcat initialized with port 8081 (http)
2024-03-16T17:30:52.088+05:30  INFO 18888 --- [newsapp] [restartedMain] o.apache.catalina.core.StandardService   : Starting service [Tomcat]
2024-03-16T17:30:52.089+05:30  INFO 18888 --- [newsapp] [restartedMain] o.apache.catalina.core.StandardEngine    : Starting Servlet engine: [Apache Tomcat/10.1.19]
2024-03-16T17:30:52.174+05:30  INFO 18888 --- [newsapp] [restartedMain] o.a.c.c.C.[Tomcat].[localhost].[/]       : Initializing Spring embedded WebApplicationContext
2024-03-16T17:30:52.175+05:30  INFO 18888 --- [newsapp] [restartedMain] w.s.c.ServletWebServerApplicationContext : Root WebApplicationContext: initialization completed in 2366 ms
2024-03-16T17:30:52.566+05:30  INFO 18888 --- [newsapp] [restartedMain] org.mongodb.driver.client                : MongoClient with metadata {"driver": {"name": "mongo-java-driver|sync|spring-boot", "version": "4.11.1"}, "os": {"type": "Windows", "name": "Windows 11", "architecture": "amd64", "version": "10.0"}, "platform": "Java/Oracle Corporation/17.0.10+11-LTS-240"} created with settings MongoClientSettings{readPreference=primary, writeConcern=WriteConcern{w=null, wTimeout=null ms, journal=null}, retryWrites=true, retryReads=true, readConcern=ReadConcern{level=null}, credential=null, transportSettings=null, streamFactoryFactory=null, commandListeners=[], codecRegistry=ProvidersCodecRegistry{codecProviders=[ValueCodecProvider{}, BsonValueCodecProvider{}, DBRefCodecProvider{}, DBObjectCodecProvider{}, DocumentCodecProvider{}, CollectionCodecProvider{}, IterableCodecProvider{}, MapCodecProvider{}, GeoJsonCodecProvider{}, GridFSFileCodecProvider{}, Jsr310CodecProvider{}, JsonObjectCodecProvider{}, BsonCodecProvider{}, EnumCodecProvider{}, com.mongodb.client.model.mql.ExpressionCodecProvider@68794195, com.mongodb.Jep395RecordCodecProvider@39187524, com.mongodb.KotlinCodecProvider@7e897d49]}, loggerSettings=LoggerSettings{maxDocumentLength=1000}, clusterSettings={hosts=[localhost:27017], srvServiceName=mongodb, mode=SINGLE, requiredClusterType=UNKNOWN, requiredReplicaSetName='null', serverSelector='null', clusterListeners='[]', serverSelectionTimeout='30000 ms', localThreshold='15 ms'}, socketSettings=SocketSettings{connectTimeoutMS=10000, readTimeoutMS=0, receiveBufferSize=0, proxySettings=ProxySettings{host=null, port=null, username=null, password=null}}, heartbeatSocketSettings=SocketSettings{connectTimeoutMS=10000, readTimeoutMS=10000, receiveBufferSize=0, proxySettings=ProxySettings{host=null, port=null, username=null, password=null}}, connectionPoolSettings=ConnectionPoolSettings{maxSize=100, minSize=0, maxWaitTimeMS=120000, maxConnectionLifeTimeMS=0, maxConnectionIdleTimeMS=0, maintenanceInitialDelayMS=0, maintenanceFrequencyMS=60000, connectionPoolListeners=[], maxConnecting=2}, serverSettings=ServerSettings{heartbeatFrequencyMS=10000, minHeartbeatFrequencyMS=500, serverListeners='[]', serverMonitorListeners='[]'}, sslSettings=SslSettings{enabled=false, invalidHostNameAllowed=false, context=null}, applicationName='null', compressorList=[], uuidRepresentation=JAVA_LEGACY, serverApi=null, autoEncryptionSettings=null, dnsClient=null, inetAddressResolver=null, contextProvider=null}
2024-03-16T17:30:52.621+05:30  INFO 18888 --- [newsapp] [cluster-ClusterId{value='65f589f4d703697ea93a35bb', description='null'}-localhost:27017] org.mongodb.driver.cluster               : Monitor thread successfully connected to server with description ServerDescription{address=localhost:27017, type=STANDALONE, state=CONNECTED, ok=true, minWireVersion=0, maxWireVersion=13, maxDocumentSize=16777216, logicalSessionTimeoutMinutes=30, roundTripTimeNanos=45320000}
2024-03-16T17:30:52.850+05:30  INFO 18888 --- [newsapp] [restartedMain] o.s.b.d.a.OptionalLiveReloadServer       : LiveReload server is running on port 35729
2024-03-16T17:30:53.367+05:30 DEBUG 18888 --- [newsapp] [restartedMain] s.w.s.m.m.a.RequestMappingHandlerMapping : 9 mappings in 'requestMappingHandlerMapping'
2024-03-16T17:30:53.464+05:30 DEBUG 18888 --- [newsapp] [restartedMain] o.s.w.s.handler.SimpleUrlHandlerMapping  : Patterns [/webjars/**, /**] in 'resourceHandlerMapping'
2024-03-16T17:30:53.513+05:30 DEBUG 18888 --- [newsapp] [restartedMain] s.w.s.m.m.a.RequestMappingHandlerAdapter : ControllerAdvice beans: 0 @ModelAttribute, 0 @InitBinder, 1 RequestBodyAdvice, 1 ResponseBodyAdvice
2024-03-16T17:30:53.561+05:30 DEBUG 18888 --- [newsapp] [restartedMain] .m.m.a.ExceptionHandlerExceptionResolver : ControllerAdvice beans: 1 @ExceptionHandler, 1 ResponseBodyAdvice
2024-03-16T17:30:53.706+05:30  INFO 18888 --- [newsapp] [restartedMain] o.s.b.w.embedded.tomcat.TomcatWebServer  : Tomcat started on port 8081 (http) with context path ''
2024-03-16T17:30:53.720+05:30  INFO 18888 --- [newsapp] [restartedMain] c.capstone.newsapp.NewsappApplication    : Started NewsappApplication in 5.011 seconds (process running for 6.074)
2024-03-16T17:35:04.265+05:30  INFO 18888 --- [newsapp] [http-nio-8081-exec-1] o.a.c.c.C.[Tomcat].[localhost].[/]       : Initializing Spring DispatcherServlet 'dispatcherServlet'
2024-03-16T17:35:04.269+05:30  INFO 18888 --- [newsapp] [http-nio-8081-exec-1] o.s.web.servlet.DispatcherServlet        : Initializing Servlet 'dispatcherServlet'
2024-03-16T17:35:04.272+05:30 DEBUG 18888 --- [newsapp] [http-nio-8081-exec-1] o.s.web.servlet.DispatcherServlet        : Detected StandardServletMultipartResolver
2024-03-16T17:35:04.274+05:30 DEBUG 18888 --- [newsapp] [http-nio-8081-exec-1] o.s.web.servlet.DispatcherServlet        : Detected AcceptHeaderLocaleResolver
2024-03-16T17:35:04.276+05:30 DEBUG 18888 --- [newsapp] [http-nio-8081-exec-1] o.s.web.servlet.DispatcherServlet        : Detected FixedThemeResolver
2024-03-16T17:35:04.282+05:30 DEBUG 18888 --- [newsapp] [http-nio-8081-exec-1] o.s.web.servlet.DispatcherServlet        : Detected org.springframework.web.servlet.view.DefaultRequestToViewNameTranslator@22d2b815
2024-03-16T17:35:04.285+05:30 DEBUG 18888 --- [newsapp] [http-nio-8081-exec-1] o.s.web.servlet.DispatcherServlet        : Detected org.springframework.web.servlet.support.SessionFlashMapManager@65edf6f7
2024-03-16T17:35:04.289+05:30 DEBUG 18888 --- [newsapp] [http-nio-8081-exec-1] o.s.web.servlet.DispatcherServlet        : enableLoggingRequestDetails='false': request parameters and headers will be masked to prevent unsafe logging of potentially sensitive data
2024-03-16T17:35:04.292+05:30  INFO 18888 --- [newsapp] [http-nio-8081-exec-1] o.s.web.servlet.DispatcherServlet        : Completed initialization in 20 ms
2024-03-16T17:35:04.331+05:30 DEBUG 18888 --- [newsapp] [http-nio-8081-exec-1] o.s.web.servlet.DispatcherServlet        : OPTIONS "/api/v1/user/save", parameters={}
2024-03-16T17:35:04.370+05:30 DEBUG 18888 --- [newsapp] [http-nio-8081-exec-1] s.w.s.m.m.a.RequestMappingHandlerMapping : Mapped to com.capstone.newsapp.controller.UserController#saveUser(User)
2024-03-16T17:35:04.419+05:30 DEBUG 18888 --- [newsapp] [http-nio-8081-exec-1] o.s.web.servlet.DispatcherServlet        : Completed 200 OK
2024-03-16T17:35:04.447+05:30 DEBUG 18888 --- [newsapp] [http-nio-8081-exec-2] o.s.web.servlet.DispatcherServlet        : POST "/api/v1/user/save", parameters={}
2024-03-16T17:35:04.450+05:30 DEBUG 18888 --- [newsapp] [http-nio-8081-exec-2] s.w.s.m.m.a.RequestMappingHandlerMapping : Mapped to com.capstone.newsapp.controller.UserController#saveUser(User)
2024-03-16T17:35:04.638+05:30 DEBUG 18888 --- [newsapp] [http-nio-8081-exec-2] m.m.a.RequestResponseBodyMethodProcessor : Read "application/json;charset=UTF-8" to [User(emailId=admin@cts.com, password=admin123, userName=null, mobileNumber=admin123)]
2024-03-16T17:35:04.660+05:30  INFO 18888 --- [newsapp] [http-nio-8081-exec-2] c.c.newsapp.service.UserServiceImpl      : Saving user with emailId: admin@cts.com
2024-03-16T17:35:04.976+05:30  INFO 18888 --- [newsapp] [http-nio-8081-exec-2] c.c.newsapp.controller.UserController    : User with emailId: admin@cts.com saved successfully
2024-03-16T17:35:04.990+05:30 DEBUG 18888 --- [newsapp] [http-nio-8081-exec-2] o.s.w.s.m.m.a.HttpEntityMethodProcessor  : Using 'application/json', given [application/json, text/plain, */*] and supported [text/plain, */*, application/json, application/*+json]
2024-03-16T17:35:04.992+05:30 DEBUG 18888 --- [newsapp] [http-nio-8081-exec-2] o.s.w.s.m.m.a.HttpEntityMethodProcessor  : Writing ["User with emailId: admin@cts.com saved successfully"]
2024-03-16T17:35:04.998+05:30 DEBUG 18888 --- [newsapp] [http-nio-8081-exec-2] o.s.web.servlet.DispatcherServlet        : Completed 200 OK
2024-03-16T17:35:17.775+05:30 DEBUG 18888 --- [newsapp] [http-nio-8081-exec-4] o.s.web.servlet.DispatcherServlet        : OPTIONS "/api/v1/user/login", parameters={}
2024-03-16T17:35:17.777+05:30 DEBUG 18888 --- [newsapp] [http-nio-8081-exec-4] s.w.s.m.m.a.RequestMappingHandlerMapping : Mapped to com.capstone.newsapp.controller.UserController#validateUser(User)
2024-03-16T17:35:17.778+05:30 DEBUG 18888 --- [newsapp] [http-nio-8081-exec-4] o.s.web.servlet.DispatcherServlet        : Completed 200 OK
2024-03-16T17:35:17.783+05:30 DEBUG 18888 --- [newsapp] [http-nio-8081-exec-5] o.s.web.servlet.DispatcherServlet        : POST "/api/v1/user/login", parameters={}
2024-03-16T17:35:17.784+05:30 DEBUG 18888 --- [newsapp] [http-nio-8081-exec-5] s.w.s.m.m.a.RequestMappingHandlerMapping : Mapped to com.capstone.newsapp.controller.UserController#validateUser(User)
2024-03-16T17:35:17.788+05:30 DEBUG 18888 --- [newsapp] [http-nio-8081-exec-5] m.m.a.RequestResponseBodyMethodProcessor : Read "application/json;charset=UTF-8" to [User(emailId=admin@cts.com, password=admin, userName=null, mobileNumber=null)]
2024-03-16T17:35:17.790+05:30  INFO 18888 --- [newsapp] [http-nio-8081-exec-5] c.c.newsapp.controller.UserController    : Validating user with emailId: admin@cts.com
2024-03-16T17:35:17.790+05:30  INFO 18888 --- [newsapp] [http-nio-8081-exec-5] c.c.newsapp.service.UserServiceImpl      : Validating user with emailId: admin@cts.com
2024-03-16T17:35:17.839+05:30 ERROR 18888 --- [newsapp] [http-nio-8081-exec-5] c.c.newsapp.service.UserServiceImpl      : User with emailId: admin@cts.com not found
2024-03-16T17:35:17.840+05:30 ERROR 18888 --- [newsapp] [http-nio-8081-exec-5] c.c.newsapp.controller.UserController    : User with emailId: admin@cts.com not found
2024-03-16T17:35:17.844+05:30 DEBUG 18888 --- [newsapp] [http-nio-8081-exec-5] o.s.w.s.m.m.a.HttpEntityMethodProcessor  : Using 'application/json', given [application/json, text/plain, */*] and supported [text/plain, */*, application/json, application/*+json]
2024-03-16T17:35:17.846+05:30 DEBUG 18888 --- [newsapp] [http-nio-8081-exec-5] o.s.w.s.m.m.a.HttpEntityMethodProcessor  : Writing ["Invalid emailId or password"]
2024-03-16T17:35:17.847+05:30 DEBUG 18888 --- [newsapp] [http-nio-8081-exec-5] o.s.web.servlet.DispatcherServlet        : Completed 401 UNAUTHORIZED
2024-03-16T17:35:23.813+05:30 DEBUG 18888 --- [newsapp] [http-nio-8081-exec-7] o.s.web.servlet.DispatcherServlet        : POST "/api/v1/user/login", parameters={}
2024-03-16T17:35:23.814+05:30 DEBUG 18888 --- [newsapp] [http-nio-8081-exec-7] s.w.s.m.m.a.RequestMappingHandlerMapping : Mapped to com.capstone.newsapp.controller.UserController#validateUser(User)
2024-03-16T17:35:23.816+05:30 DEBUG 18888 --- [newsapp] [http-nio-8081-exec-7] m.m.a.RequestResponseBodyMethodProcessor : Read "application/json;charset=UTF-8" to [User(emailId=admin@cts.com, password=admin123, userName=null, mobileNumber=null)]
2024-03-16T17:35:23.817+05:30  INFO 18888 --- [newsapp] [http-nio-8081-exec-7] c.c.newsapp.controller.UserController    : Validating user with emailId: admin@cts.com
2024-03-16T17:35:23.818+05:30  INFO 18888 --- [newsapp] [http-nio-8081-exec-7] c.c.newsapp.service.UserServiceImpl      : Validating user with emailId: admin@cts.com
2024-03-16T17:35:23.849+05:30  INFO 18888 --- [newsapp] [http-nio-8081-exec-7] c.c.newsapp.service.UserServiceImpl      : User with emailId: admin@cts.com validated successfully
2024-03-16T17:35:23.850+05:30  INFO 18888 --- [newsapp] [http-nio-8081-exec-7] c.c.newsapp.controller.UserController    : User with emailId: admin@cts.com validated successfully
2024-03-16T17:35:23.937+05:30 DEBUG 18888 --- [newsapp] [http-nio-8081-exec-7] o.s.w.s.m.m.a.HttpEntityMethodProcessor  : Using 'application/json', given [application/json, text/plain, */*] and supported [text/plain, */*, application/json, application/*+json]
2024-03-16T17:35:23.939+05:30 DEBUG 18888 --- [newsapp] [http-nio-8081-exec-7] o.s.w.s.m.m.a.HttpEntityMethodProcessor  : Writing ["eyJhbGciOiJIUzI1NiJ9.eyJzdWIiOiJhZG1pbkBjdHMuY29tIn0.wJlXLZLjKuNO5P0HGnNELdLH3QiG2CbQHxbkADhlGqs"]
2024-03-16T17:35:23.940+05:30 DEBUG 18888 --- [newsapp] [http-nio-8081-exec-7] o.s.web.servlet.DispatcherServlet        : Completed 200 OK
2024-03-16T17:37:56.320+05:30 DEBUG 18888 --- [newsapp] [http-nio-8081-exec-9] o.s.web.servlet.DispatcherServlet        : POST "/api/v1/user/login", parameters={}
2024-03-16T17:37:56.322+05:30 DEBUG 18888 --- [newsapp] [http-nio-8081-exec-9] s.w.s.m.m.a.RequestMappingHandlerMapping : Mapped to com.capstone.newsapp.controller.UserController#validateUser(User)
2024-03-16T17:37:56.325+05:30 DEBUG 18888 --- [newsapp] [http-nio-8081-exec-9] m.m.a.RequestResponseBodyMethodProcessor : Read "application/json;charset=UTF-8" to [User(emailId=admin@cts.com, password=admin123, userName=null, mobileNumber=null)]
2024-03-16T17:37:56.326+05:30  INFO 18888 --- [newsapp] [http-nio-8081-exec-9] c.c.newsapp.controller.UserController    : Validating user with emailId: admin@cts.com
2024-03-16T17:37:56.327+05:30  INFO 18888 --- [newsapp] [http-nio-8081-exec-9] c.c.newsapp.service.UserServiceImpl      : Validating user with emailId: admin@cts.com
2024-03-16T17:37:56.333+05:30  INFO 18888 --- [newsapp] [http-nio-8081-exec-9] c.c.newsapp.service.UserServiceImpl      : User with emailId: admin@cts.com validated successfully
2024-03-16T17:37:56.334+05:30  INFO 18888 --- [newsapp] [http-nio-8081-exec-9] c.c.newsapp.controller.UserController    : User with emailId: admin@cts.com validated successfully
2024-03-16T17:37:56.336+05:30 DEBUG 18888 --- [newsapp] [http-nio-8081-exec-9] o.s.w.s.m.m.a.HttpEntityMethodProcessor  : Using 'application/json', given [application/json, text/plain, */*] and supported [text/plain, */*, application/json, application/*+json]
2024-03-16T17:37:56.338+05:30 DEBUG 18888 --- [newsapp] [http-nio-8081-exec-9] o.s.w.s.m.m.a.HttpEntityMethodProcessor  : Writing ["eyJhbGciOiJIUzI1NiJ9.eyJzdWIiOiJhZG1pbkBjdHMuY29tIn0.wJlXLZLjKuNO5P0HGnNELdLH3QiG2CbQHxbkADhlGqs"]
2024-03-16T17:37:56.340+05:30 DEBUG 18888 --- [newsapp] [http-nio-8081-exec-9] o.s.web.servlet.DispatcherServlet        : Completed 200 OK
2024-03-16T17:44:51.559+05:30 DEBUG 18888 --- [newsapp] [http-nio-8081-exec-1] o.s.web.servlet.DispatcherServlet        : POST "/api/v1/user/login", parameters={}
2024-03-16T17:44:51.561+05:30 DEBUG 18888 --- [newsapp] [http-nio-8081-exec-1] s.w.s.m.m.a.RequestMappingHandlerMapping : Mapped to com.capstone.newsapp.controller.UserController#validateUser(User)
2024-03-16T17:44:51.565+05:30 DEBUG 18888 --- [newsapp] [http-nio-8081-exec-1] m.m.a.RequestResponseBodyMethodProcessor : Read "application/json;charset=UTF-8" to [User(emailId=admin@cts.com, password=admin123', userName=null, mobileNumber=null)]
2024-03-16T17:44:51.567+05:30  INFO 18888 --- [newsapp] [http-nio-8081-exec-1] c.c.newsapp.controller.UserController    : Validating user with emailId: admin@cts.com
2024-03-16T17:44:51.567+05:30  INFO 18888 --- [newsapp] [http-nio-8081-exec-1] c.c.newsapp.service.UserServiceImpl      : Validating user with emailId: admin@cts.com
2024-03-16T17:44:51.575+05:30 ERROR 18888 --- [newsapp] [http-nio-8081-exec-1] c.c.newsapp.service.UserServiceImpl      : User with emailId: admin@cts.com not found
2024-03-16T17:44:51.576+05:30 ERROR 18888 --- [newsapp] [http-nio-8081-exec-1] c.c.newsapp.controller.UserController    : User with emailId: admin@cts.com not found
2024-03-16T17:44:51.578+05:30 DEBUG 18888 --- [newsapp] [http-nio-8081-exec-1] o.s.w.s.m.m.a.HttpEntityMethodProcessor  : Using 'application/json', given [application/json, text/plain, */*] and supported [text/plain, */*, application/json, application/*+json]
2024-03-16T17:44:51.580+05:30 DEBUG 18888 --- [newsapp] [http-nio-8081-exec-1] o.s.w.s.m.m.a.HttpEntityMethodProcessor  : Writing ["Invalid emailId or password"]
2024-03-16T17:44:51.583+05:30 DEBUG 18888 --- [newsapp] [http-nio-8081-exec-1] o.s.web.servlet.DispatcherServlet        : Completed 401 UNAUTHORIZED
2024-03-16T17:44:53.974+05:30 DEBUG 18888 --- [newsapp] [http-nio-8081-exec-2] o.s.web.servlet.DispatcherServlet        : POST "/api/v1/user/login", parameters={}
2024-03-16T17:44:53.976+05:30 DEBUG 18888 --- [newsapp] [http-nio-8081-exec-2] s.w.s.m.m.a.RequestMappingHandlerMapping : Mapped to com.capstone.newsapp.controller.UserController#validateUser(User)
2024-03-16T17:44:53.979+05:30 DEBUG 18888 --- [newsapp] [http-nio-8081-exec-2] m.m.a.RequestResponseBodyMethodProcessor : Read "application/json;charset=UTF-8" to [User(emailId=admin@cts.com, password=admin123, userName=null, mobileNumber=null)]
2024-03-16T17:44:53.981+05:30  INFO 18888 --- [newsapp] [http-nio-8081-exec-2] c.c.newsapp.controller.UserController    : Validating user with emailId: admin@cts.com
2024-03-16T17:44:53.982+05:30  INFO 18888 --- [newsapp] [http-nio-8081-exec-2] c.c.newsapp.service.UserServiceImpl      : Validating user with emailId: admin@cts.com
2024-03-16T17:44:54.002+05:30  INFO 18888 --- [newsapp] [http-nio-8081-exec-2] c.c.newsapp.service.UserServiceImpl      : User with emailId: admin@cts.com validated successfully
2024-03-16T17:44:54.005+05:30  INFO 18888 --- [newsapp] [http-nio-8081-exec-2] c.c.newsapp.controller.UserController    : User with emailId: admin@cts.com validated successfully
2024-03-16T17:44:54.008+05:30 DEBUG 18888 --- [newsapp] [http-nio-8081-exec-2] o.s.w.s.m.m.a.HttpEntityMethodProcessor  : Using 'application/json', given [application/json, text/plain, */*] and supported [text/plain, */*, application/json, application/*+json]
2024-03-16T17:44:54.009+05:30 DEBUG 18888 --- [newsapp] [http-nio-8081-exec-2] o.s.w.s.m.m.a.HttpEntityMethodProcessor  : Writing ["eyJhbGciOiJIUzI1NiJ9.eyJzdWIiOiJhZG1pbkBjdHMuY29tIn0.wJlXLZLjKuNO5P0HGnNELdLH3QiG2CbQHxbkADhlGqs"]
2024-03-16T17:44:54.012+05:30 DEBUG 18888 --- [newsapp] [http-nio-8081-exec-2] o.s.web.servlet.DispatcherServlet        : Completed 200 OK
2024-03-16T17:45:54.885+05:30 DEBUG 18888 --- [newsapp] [http-nio-8081-exec-4] o.s.web.servlet.DispatcherServlet        : POST "/api/v1/user/login", parameters={}
2024-03-16T17:45:54.888+05:30 DEBUG 18888 --- [newsapp] [http-nio-8081-exec-4] s.w.s.m.m.a.RequestMappingHandlerMapping : Mapped to com.capstone.newsapp.controller.UserController#validateUser(User)
2024-03-16T17:45:54.890+05:30 DEBUG 18888 --- [newsapp] [http-nio-8081-exec-4] m.m.a.RequestResponseBodyMethodProcessor : Read "application/json;charset=UTF-8" to [User(emailId=admin@cts.com, password=admin123, userName=null, mobileNumber=null)]
2024-03-16T17:45:54.891+05:30  INFO 18888 --- [newsapp] [http-nio-8081-exec-4] c.c.newsapp.controller.UserController    : Validating user with emailId: admin@cts.com
2024-03-16T17:45:54.892+05:30  INFO 18888 --- [newsapp] [http-nio-8081-exec-4] c.c.newsapp.service.UserServiceImpl      : Validating user with emailId: admin@cts.com
2024-03-16T17:45:54.897+05:30  INFO 18888 --- [newsapp] [http-nio-8081-exec-4] c.c.newsapp.service.UserServiceImpl      : User with emailId: admin@cts.com validated successfully
2024-03-16T17:45:54.898+05:30  INFO 18888 --- [newsapp] [http-nio-8081-exec-4] c.c.newsapp.controller.UserController    : User with emailId: admin@cts.com validated successfully
2024-03-16T17:45:54.900+05:30 DEBUG 18888 --- [newsapp] [http-nio-8081-exec-4] o.s.w.s.m.m.a.HttpEntityMethodProcessor  : Using 'application/json', given [application/json, text/plain, */*] and supported [text/plain, */*, application/json, application/*+json]
2024-03-16T17:45:54.901+05:30 DEBUG 18888 --- [newsapp] [http-nio-8081-exec-4] o.s.w.s.m.m.a.HttpEntityMethodProcessor  : Writing ["eyJhbGciOiJIUzI1NiJ9.eyJzdWIiOiJhZG1pbkBjdHMuY29tIn0.wJlXLZLjKuNO5P0HGnNELdLH3QiG2CbQHxbkADhlGqs"]
2024-03-16T17:45:54.904+05:30 DEBUG 18888 --- [newsapp] [http-nio-8081-exec-4] o.s.web.servlet.DispatcherServlet        : Completed 200 OK
2024-03-16T17:47:13.666+05:30 DEBUG 18888 --- [newsapp] [http-nio-8081-exec-6] o.s.web.servlet.DispatcherServlet        : POST "/api/v1/user/login", parameters={}
2024-03-16T17:47:13.667+05:30 DEBUG 18888 --- [newsapp] [http-nio-8081-exec-6] s.w.s.m.m.a.RequestMappingHandlerMapping : Mapped to com.capstone.newsapp.controller.UserController#validateUser(User)
2024-03-16T17:47:13.669+05:30 DEBUG 18888 --- [newsapp] [http-nio-8081-exec-6] m.m.a.RequestResponseBodyMethodProcessor : Read "application/json;charset=UTF-8" to [User(emailId=admin@cts.com, password=admin123, userName=null, mobileNumber=null)]
2024-03-16T17:47:13.670+05:30  INFO 18888 --- [newsapp] [http-nio-8081-exec-6] c.c.newsapp.controller.UserController    : Validating user with emailId: admin@cts.com
2024-03-16T17:47:13.671+05:30  INFO 18888 --- [newsapp] [http-nio-8081-exec-6] c.c.newsapp.service.UserServiceImpl      : Validating user with emailId: admin@cts.com
2024-03-16T17:47:13.676+05:30  INFO 18888 --- [newsapp] [http-nio-8081-exec-6] c.c.newsapp.service.UserServiceImpl      : User with emailId: admin@cts.com validated successfully
2024-03-16T17:47:13.677+05:30  INFO 18888 --- [newsapp] [http-nio-8081-exec-6] c.c.newsapp.controller.UserController    : User with emailId: admin@cts.com validated successfully
2024-03-16T17:47:13.679+05:30 DEBUG 18888 --- [newsapp] [http-nio-8081-exec-6] o.s.w.s.m.m.a.HttpEntityMethodProcessor  : Using 'application/json', given [application/json, text/plain, */*] and supported [text/plain, */*, application/json, application/*+json]
2024-03-16T17:47:13.680+05:30 DEBUG 18888 --- [newsapp] [http-nio-8081-exec-6] o.s.w.s.m.m.a.HttpEntityMethodProcessor  : Writing ["eyJhbGciOiJIUzI1NiJ9.eyJzdWIiOiJhZG1pbkBjdHMuY29tIn0.wJlXLZLjKuNO5P0HGnNELdLH3QiG2CbQHxbkADhlGqs"]
2024-03-16T17:47:13.682+05:30 DEBUG 18888 --- [newsapp] [http-nio-8081-exec-6] o.s.web.servlet.DispatcherServlet        : Completed 200 OK
2024-03-16T17:48:02.917+05:30 DEBUG 18888 --- [newsapp] [http-nio-8081-exec-8] o.s.web.servlet.DispatcherServlet        : POST "/api/v1/user/login", parameters={}
2024-03-16T17:48:02.919+05:30 DEBUG 18888 --- [newsapp] [http-nio-8081-exec-8] s.w.s.m.m.a.RequestMappingHandlerMapping : Mapped to com.capstone.newsapp.controller.UserController#validateUser(User)
2024-03-16T17:48:02.922+05:30 DEBUG 18888 --- [newsapp] [http-nio-8081-exec-8] m.m.a.RequestResponseBodyMethodProcessor : Read "application/json;charset=UTF-8" to [User(emailId=admin@cts.com, password=admin123, userName=null, mobileNumber=null)]
2024-03-16T17:48:02.923+05:30  INFO 18888 --- [newsapp] [http-nio-8081-exec-8] c.c.newsapp.controller.UserController    : Validating user with emailId: admin@cts.com
2024-03-16T17:48:02.925+05:30  INFO 18888 --- [newsapp] [http-nio-8081-exec-8] c.c.newsapp.service.UserServiceImpl      : Validating user with emailId: admin@cts.com
2024-03-16T17:48:02.929+05:30  INFO 18888 --- [newsapp] [http-nio-8081-exec-8] c.c.newsapp.service.UserServiceImpl      : User with emailId: admin@cts.com validated successfully
2024-03-16T17:48:02.930+05:30  INFO 18888 --- [newsapp] [http-nio-8081-exec-8] c.c.newsapp.controller.UserController    : User with emailId: admin@cts.com validated successfully
2024-03-16T17:48:02.932+05:30 DEBUG 18888 --- [newsapp] [http-nio-8081-exec-8] o.s.w.s.m.m.a.HttpEntityMethodProcessor  : Using 'application/json', given [application/json, text/plain, */*] and supported [text/plain, */*, application/json, application/*+json]
2024-03-16T17:48:02.933+05:30 DEBUG 18888 --- [newsapp] [http-nio-8081-exec-8] o.s.w.s.m.m.a.HttpEntityMethodProcessor  : Writing ["eyJhbGciOiJIUzI1NiJ9.eyJzdWIiOiJhZG1pbkBjdHMuY29tIn0.wJlXLZLjKuNO5P0HGnNELdLH3QiG2CbQHxbkADhlGqs"]
2024-03-16T17:48:02.935+05:30 DEBUG 18888 --- [newsapp] [http-nio-8081-exec-8] o.s.web.servlet.DispatcherServlet        : Completed 200 OK
2024-03-16T17:49:15.327+05:30 DEBUG 18888 --- [newsapp] [http-nio-8081-exec-10] o.s.web.servlet.DispatcherServlet        : POST "/api/v1/user/login", parameters={}
2024-03-16T17:49:15.329+05:30 DEBUG 18888 --- [newsapp] [http-nio-8081-exec-10] s.w.s.m.m.a.RequestMappingHandlerMapping : Mapped to com.capstone.newsapp.controller.UserController#validateUser(User)
2024-03-16T17:49:15.331+05:30 DEBUG 18888 --- [newsapp] [http-nio-8081-exec-10] m.m.a.RequestResponseBodyMethodProcessor : Read "application/json;charset=UTF-8" to [User(emailId=admin@cts.com, password=admin123, userName=null, mobileNumber=null)]
2024-03-16T17:49:15.333+05:30  INFO 18888 --- [newsapp] [http-nio-8081-exec-10] c.c.newsapp.controller.UserController    : Validating user with emailId: admin@cts.com
2024-03-16T17:49:15.334+05:30  INFO 18888 --- [newsapp] [http-nio-8081-exec-10] c.c.newsapp.service.UserServiceImpl      : Validating user with emailId: admin@cts.com
2024-03-16T17:49:15.344+05:30  INFO 18888 --- [newsapp] [http-nio-8081-exec-10] c.c.newsapp.service.UserServiceImpl      : User with emailId: admin@cts.com validated successfully
2024-03-16T17:49:15.345+05:30  INFO 18888 --- [newsapp] [http-nio-8081-exec-10] c.c.newsapp.controller.UserController    : User with emailId: admin@cts.com validated successfully
2024-03-16T17:49:15.349+05:30 DEBUG 18888 --- [newsapp] [http-nio-8081-exec-10] o.s.w.s.m.m.a.HttpEntityMethodProcessor  : Using 'application/json', given [application/json, text/plain, */*] and supported [text/plain, */*, application/json, application/*+json]
2024-03-16T17:49:15.351+05:30 DEBUG 18888 --- [newsapp] [http-nio-8081-exec-10] o.s.w.s.m.m.a.HttpEntityMethodProcessor  : Writing ["eyJhbGciOiJIUzI1NiJ9.eyJzdWIiOiJhZG1pbkBjdHMuY29tIn0.wJlXLZLjKuNO5P0HGnNELdLH3QiG2CbQHxbkADhlGqs"]
2024-03-16T17:49:15.354+05:30 DEBUG 18888 --- [newsapp] [http-nio-8081-exec-10] o.s.web.servlet.DispatcherServlet        : Completed 200 OK
2024-03-16T17:49:42.661+05:30 DEBUG 18888 --- [newsapp] [http-nio-8081-exec-2] o.s.web.servlet.DispatcherServlet        : POST "/api/v1/user/login", parameters={}
2024-03-16T17:49:42.663+05:30 DEBUG 18888 --- [newsapp] [http-nio-8081-exec-2] s.w.s.m.m.a.RequestMappingHandlerMapping : Mapped to com.capstone.newsapp.controller.UserController#validateUser(User)
2024-03-16T17:49:42.665+05:30 DEBUG 18888 --- [newsapp] [http-nio-8081-exec-2] m.m.a.RequestResponseBodyMethodProcessor : Read "application/json;charset=UTF-8" to [User(emailId=admin@cts.com, password=admin123, userName=null, mobileNumber=null)]
2024-03-16T17:49:42.666+05:30  INFO 18888 --- [newsapp] [http-nio-8081-exec-2] c.c.newsapp.controller.UserController    : Validating user with emailId: admin@cts.com
2024-03-16T17:49:42.667+05:30  INFO 18888 --- [newsapp] [http-nio-8081-exec-2] c.c.newsapp.service.UserServiceImpl      : Validating user with emailId: admin@cts.com
2024-03-16T17:49:42.672+05:30  INFO 18888 --- [newsapp] [http-nio-8081-exec-2] c.c.newsapp.service.UserServiceImpl      : User with emailId: admin@cts.com validated successfully
2024-03-16T17:49:42.673+05:30  INFO 18888 --- [newsapp] [http-nio-8081-exec-2] c.c.newsapp.controller.UserController    : User with emailId: admin@cts.com validated successfully
2024-03-16T17:49:42.679+05:30 DEBUG 18888 --- [newsapp] [http-nio-8081-exec-2] o.s.w.s.m.m.a.HttpEntityMethodProcessor  : Using 'application/json', given [application/json, text/plain, */*] and supported [text/plain, */*, application/json, application/*+json]
2024-03-16T17:49:42.680+05:30 DEBUG 18888 --- [newsapp] [http-nio-8081-exec-2] o.s.w.s.m.m.a.HttpEntityMethodProcessor  : Writing ["eyJhbGciOiJIUzI1NiJ9.eyJzdWIiOiJhZG1pbkBjdHMuY29tIn0.wJlXLZLjKuNO5P0HGnNELdLH3QiG2CbQHxbkADhlGqs"]
2024-03-16T17:49:42.682+05:30 DEBUG 18888 --- [newsapp] [http-nio-8081-exec-2] o.s.web.servlet.DispatcherServlet        : Completed 200 OK
2024-03-16T18:14:56.638+05:30 DEBUG 18888 --- [newsapp] [http-nio-8081-exec-4] o.s.web.servlet.DispatcherServlet        : OPTIONS "/api/v1/user/login", parameters={}
2024-03-16T18:14:56.814+05:30 DEBUG 18888 --- [newsapp] [http-nio-8081-exec-4] s.w.s.m.m.a.RequestMappingHandlerMapping : Mapped to com.capstone.newsapp.controller.UserController#validateUser(User)
2024-03-16T18:14:56.840+05:30 DEBUG 18888 --- [newsapp] [http-nio-8081-exec-4] o.s.web.servlet.DispatcherServlet        : Completed 200 OK
2024-03-16T18:14:56.864+05:30 DEBUG 18888 --- [newsapp] [http-nio-8081-exec-5] o.s.web.servlet.DispatcherServlet        : POST "/api/v1/user/login", parameters={}
2024-03-16T18:14:56.866+05:30 DEBUG 18888 --- [newsapp] [http-nio-8081-exec-5] s.w.s.m.m.a.RequestMappingHandlerMapping : Mapped to com.capstone.newsapp.controller.UserController#validateUser(User)
2024-03-16T18:14:56.895+05:30 DEBUG 18888 --- [newsapp] [http-nio-8081-exec-5] m.m.a.RequestResponseBodyMethodProcessor : Read "application/json;charset=UTF-8" to [User(emailId=admin@cts.com, password=admin123, userName=null, mobileNumber=null)]
2024-03-16T18:14:56.905+05:30  INFO 18888 --- [newsapp] [http-nio-8081-exec-5] c.c.newsapp.controller.UserController    : Validating user with emailId: admin@cts.com
2024-03-16T18:14:56.906+05:30  INFO 18888 --- [newsapp] [http-nio-8081-exec-5] c.c.newsapp.service.UserServiceImpl      : Validating user with emailId: admin@cts.com
2024-03-16T18:14:56.969+05:30  INFO 18888 --- [newsapp] [http-nio-8081-exec-5] c.c.newsapp.service.UserServiceImpl      : User with emailId: admin@cts.com validated successfully
2024-03-16T18:14:56.970+05:30  INFO 18888 --- [newsapp] [http-nio-8081-exec-5] c.c.newsapp.controller.UserController    : User with emailId: admin@cts.com validated successfully
2024-03-16T18:14:56.978+05:30 DEBUG 18888 --- [newsapp] [http-nio-8081-exec-5] o.s.w.s.m.m.a.HttpEntityMethodProcessor  : Using 'application/json', given [application/json, text/plain, */*] and supported [text/plain, */*, application/json, application/*+json]
2024-03-16T18:14:56.979+05:30 DEBUG 18888 --- [newsapp] [http-nio-8081-exec-5] o.s.w.s.m.m.a.HttpEntityMethodProcessor  : Writing ["eyJhbGciOiJIUzI1NiJ9.eyJzdWIiOiJhZG1pbkBjdHMuY29tIn0.wJlXLZLjKuNO5P0HGnNELdLH3QiG2CbQHxbkADhlGqs"]
2024-03-16T18:14:56.981+05:30 DEBUG 18888 --- [newsapp] [http-nio-8081-exec-5] o.s.web.servlet.DispatcherServlet        : Completed 200 OK
