2024-03-15T14:31:03.354+05:30  INFO 2828 --- [newsapp] [restartedMain] c.capstone.newsapp.NewsappApplication    : Starting NewsappApplication using Java 17.0.10 with PID 2828 (D:\NK\2093028-Assginment-capstone-NewsApp\newsapp\target\classes started by Administrator in D:\NK\2093028-Assginment-capstone-NewsApp\newsapp)
2024-03-15T14:31:03.356+05:30  INFO 2828 --- [newsapp] [restartedMain] c.capstone.newsapp.NewsappApplication    : No active profile set, falling back to 1 default profile: "default"
2024-03-15T14:31:03.697+05:30  INFO 2828 --- [newsapp] [restartedMain] .s.d.r.c.RepositoryConfigurationDelegate : Bootstrapping Spring Data MongoDB repositories in DEFAULT mode.
2024-03-15T14:31:03.709+05:30  INFO 2828 --- [newsapp] [restartedMain] .s.d.r.c.RepositoryConfigurationDelegate : Finished Spring Data repository scanning in 10 ms. Found 1 MongoDB repository interface.
2024-03-15T14:31:03.863+05:30  INFO 2828 --- [newsapp] [restartedMain] o.s.b.w.embedded.tomcat.TomcatWebServer  : Tomcat initialized with port 8081 (http)
2024-03-15T14:31:03.864+05:30  INFO 2828 --- [newsapp] [restartedMain] o.apache.catalina.core.StandardService   : Starting service [Tomcat]
2024-03-15T14:31:03.865+05:30  INFO 2828 --- [newsapp] [restartedMain] o.apache.catalina.core.StandardEngine    : Starting Servlet engine: [Apache Tomcat/10.1.19]
2024-03-15T14:31:03.916+05:30  INFO 2828 --- [newsapp] [restartedMain] o.a.c.c.C.[Tomcat].[localhost].[/]       : Initializing Spring embedded WebApplicationContext
2024-03-15T14:31:03.918+05:30  INFO 2828 --- [newsapp] [restartedMain] w.s.c.ServletWebServerApplicationContext : Root WebApplicationContext: initialization completed in 558 ms
2024-03-15T14:31:03.954+05:30  INFO 2828 --- [newsapp] [restartedMain] org.mongodb.driver.client                : MongoClient with metadata {"driver": {"name": "mongo-java-driver|sync|spring-boot", "version": "4.11.1"}, "os": {"type": "Windows", "name": "Windows 10", "architecture": "amd64", "version": "10.0"}, "platform": "Java/Eclipse Adoptium/17.0.10+7"} created with settings MongoClientSettings{readPreference=primary, writeConcern=WriteConcern{w=null, wTimeout=null ms, journal=null}, retryWrites=true, retryReads=true, readConcern=ReadConcern{level=null}, credential=null, transportSettings=null, streamFactoryFactory=null, commandListeners=[], codecRegistry=ProvidersCodecRegistry{codecProviders=[ValueCodecProvider{}, BsonValueCodecProvider{}, DBRefCodecProvider{}, DBObjectCodecProvider{}, DocumentCodecProvider{}, CollectionCodecProvider{}, IterableCodecProvider{}, MapCodecProvider{}, GeoJsonCodecProvider{}, GridFSFileCodecProvider{}, Jsr310CodecProvider{}, JsonObjectCodecProvider{}, BsonCodecProvider{}, EnumCodecProvider{}, com.mongodb.client.model.mql.ExpressionCodecProvider@3822a26b, com.mongodb.Jep395RecordCodecProvider@2d6f5ee1, com.mongodb.KotlinCodecProvider@574690fb]}, loggerSettings=LoggerSettings{maxDocumentLength=1000}, clusterSettings={hosts=[localhost:27017], srvServiceName=mongodb, mode=SINGLE, requiredClusterType=UNKNOWN, requiredReplicaSetName='null', serverSelector='null', clusterListeners='[]', serverSelectionTimeout='30000 ms', localThreshold='15 ms'}, socketSettings=SocketSettings{connectTimeoutMS=10000, readTimeoutMS=0, receiveBufferSize=0, proxySettings=ProxySettings{host=null, port=null, username=null, password=null}}, heartbeatSocketSettings=SocketSettings{connectTimeoutMS=10000, readTimeoutMS=10000, receiveBufferSize=0, proxySettings=ProxySettings{host=null, port=null, username=null, password=null}}, connectionPoolSettings=ConnectionPoolSettings{maxSize=100, minSize=0, maxWaitTimeMS=120000, maxConnectionLifeTimeMS=0, maxConnectionIdleTimeMS=0, maintenanceInitialDelayMS=0, maintenanceFrequencyMS=60000, connectionPoolListeners=[], maxConnecting=2}, serverSettings=ServerSettings{heartbeatFrequencyMS=10000, minHeartbeatFrequencyMS=500, serverListeners='[]', serverMonitorListeners='[]'}, sslSettings=SslSettings{enabled=false, invalidHostNameAllowed=false, context=null}, applicationName='null', compressorList=[], uuidRepresentation=JAVA_LEGACY, serverApi=null, autoEncryptionSettings=null, dnsClient=null, inetAddressResolver=null, contextProvider=null}
2024-03-15T14:31:04.097+05:30  INFO 2828 --- [newsapp] [restartedMain] o.s.b.d.a.OptionalLiveReloadServer       : LiveReload server is running on port 35729
2024-03-15T14:31:04.099+05:30  INFO 2828 --- [newsapp] [cluster-ClusterId{value='65f40e4f74cab672a96d0d5a', description='null'}-localhost:27017] org.mongodb.driver.cluster               : Monitor thread successfully connected to server with description ServerDescription{address=localhost:27017, type=STANDALONE, state=CONNECTED, ok=true, minWireVersion=0, maxWireVersion=13, maxDocumentSize=16777216, logicalSessionTimeoutMinutes=30, roundTripTimeNanos=125772700}
2024-03-15T14:31:04.286+05:30 DEBUG 2828 --- [newsapp] [restartedMain] s.w.s.m.m.a.RequestMappingHandlerMapping : 4 mappings in 'requestMappingHandlerMapping'
2024-03-15T14:31:04.315+05:30 DEBUG 2828 --- [newsapp] [restartedMain] o.s.w.s.handler.SimpleUrlHandlerMapping  : Patterns [/webjars/**, /**] in 'resourceHandlerMapping'
2024-03-15T14:31:04.335+05:30 DEBUG 2828 --- [newsapp] [restartedMain] s.w.s.m.m.a.RequestMappingHandlerAdapter : ControllerAdvice beans: 0 @ModelAttribute, 0 @InitBinder, 1 RequestBodyAdvice, 1 ResponseBodyAdvice
2024-03-15T14:31:04.411+05:30 DEBUG 2828 --- [newsapp] [restartedMain] .m.m.a.ExceptionHandlerExceptionResolver : ControllerAdvice beans: 1 @ExceptionHandler, 1 ResponseBodyAdvice
2024-03-15T14:31:04.487+05:30  INFO 2828 --- [newsapp] [restartedMain] o.s.b.w.embedded.tomcat.TomcatWebServer  : Tomcat started on port 8081 (http) with context path ''
2024-03-15T14:31:04.545+05:30  INFO 2828 --- [newsapp] [restartedMain] c.capstone.newsapp.NewsappApplication    : Started NewsappApplication in 1.552 seconds (process running for 160.199)
2024-03-15T14:31:04.545+05:30  INFO 2828 --- [newsapp] [restartedMain] .ConditionEvaluationDeltaLoggingListener : Condition evaluation unchanged
2024-03-15T14:32:28.719+05:30  INFO 2828 --- [newsapp] [http-nio-8081-exec-1] o.a.c.c.C.[Tomcat].[localhost].[/]       : Initializing Spring DispatcherServlet 'dispatcherServlet'
2024-03-15T14:32:28.720+05:30  INFO 2828 --- [newsapp] [http-nio-8081-exec-1] o.s.web.servlet.DispatcherServlet        : Initializing Servlet 'dispatcherServlet'
2024-03-15T14:32:28.721+05:30 DEBUG 2828 --- [newsapp] [http-nio-8081-exec-1] o.s.web.servlet.DispatcherServlet        : Detected StandardServletMultipartResolver
2024-03-15T14:32:28.721+05:30 DEBUG 2828 --- [newsapp] [http-nio-8081-exec-1] o.s.web.servlet.DispatcherServlet        : Detected AcceptHeaderLocaleResolver
2024-03-15T14:32:28.722+05:30 DEBUG 2828 --- [newsapp] [http-nio-8081-exec-1] o.s.web.servlet.DispatcherServlet        : Detected FixedThemeResolver
2024-03-15T14:32:28.723+05:30 DEBUG 2828 --- [newsapp] [http-nio-8081-exec-1] o.s.web.servlet.DispatcherServlet        : Detected org.springframework.web.servlet.view.DefaultRequestToViewNameTranslator@22115193
2024-03-15T14:32:28.724+05:30 DEBUG 2828 --- [newsapp] [http-nio-8081-exec-1] o.s.web.servlet.DispatcherServlet        : Detected org.springframework.web.servlet.support.SessionFlashMapManager@37e3c3d0
2024-03-15T14:32:28.727+05:30 DEBUG 2828 --- [newsapp] [http-nio-8081-exec-1] o.s.web.servlet.DispatcherServlet        : enableLoggingRequestDetails='false': request parameters and headers will be masked to prevent unsafe logging of potentially sensitive data
2024-03-15T14:32:28.728+05:30  INFO 2828 --- [newsapp] [http-nio-8081-exec-1] o.s.web.servlet.DispatcherServlet        : Completed initialization in 8 ms
2024-03-15T14:32:28.803+05:30 DEBUG 2828 --- [newsapp] [http-nio-8081-exec-1] o.s.web.servlet.DispatcherServlet        : POST "/api/v1/user/login", parameters={}
2024-03-15T14:32:28.820+05:30 DEBUG 2828 --- [newsapp] [http-nio-8081-exec-1] s.w.s.m.m.a.RequestMappingHandlerMapping : Mapped to com.capstone.newsapp.controller.UserController#validateUser(User)
2024-03-15T14:32:29.581+05:30 DEBUG 2828 --- [newsapp] [http-nio-8081-exec-1] m.m.a.RequestResponseBodyMethodProcessor : Read "application/json;charset=UTF-8" to [User(emailId=admin@cts.com, password=admin, userName=null, mobileNumber=null)]
2024-03-15T14:32:29.808+05:30  INFO 2828 --- [newsapp] [http-nio-8081-exec-1] c.c.newsapp.controller.UserController    : Validating user with emailId: admin@cts.com
2024-03-15T14:32:29.810+05:30  INFO 2828 --- [newsapp] [http-nio-8081-exec-1] c.c.newsapp.service.UserServiceImpl      : Validating user with emailId: admin@cts.com
2024-03-15T14:32:31.076+05:30  INFO 2828 --- [newsapp] [http-nio-8081-exec-1] c.c.newsapp.service.UserServiceImpl      : User with emailId: admin@cts.com validated successfully
2024-03-15T14:32:31.077+05:30  INFO 2828 --- [newsapp] [http-nio-8081-exec-1] c.c.newsapp.controller.UserController    : User with emailId: admin@cts.com validated successfully
2024-03-15T14:32:31.772+05:30 DEBUG 2828 --- [newsapp] [http-nio-8081-exec-1] o.s.w.s.m.m.a.HttpEntityMethodProcessor  : Using 'text/plain', given [*/*] and supported [text/plain, */*, application/json, application/*+json]
2024-03-15T14:32:31.774+05:30 DEBUG 2828 --- [newsapp] [http-nio-8081-exec-1] o.s.w.s.m.m.a.HttpEntityMethodProcessor  : Writing ["eyJhbGciOiJIUzI1NiJ9.eyJzdWIiOiJhZG1pbkBjdHMuY29tIn0.wJlXLZLjKuNO5P0HGnNELdLH3QiG2CbQHxbkADhlGqs"]
2024-03-15T14:32:31.783+05:30 DEBUG 2828 --- [newsapp] [http-nio-8081-exec-1] o.s.web.servlet.DispatcherServlet        : Completed 200 OK
